Determining if the pthread_create exist failed with the following output:
Change Dir: /home/lui/catkin_ws/src/FY109-FLP/monte_carlo_localization/build/CMakeFiles/CMakeTmp

Run Build Command:"/usr/bin/make" "cmTC_535b6/fast"
/usr/bin/make -f CMakeFiles/cmTC_535b6.dir/build.make CMakeFiles/cmTC_535b6.dir/build
make[1]: Entering directory '/home/lui/catkin_ws/src/FY109-FLP/monte_carlo_localization/build/CMakeFiles/CMakeTmp'
Building C object CMakeFiles/cmTC_535b6.dir/CheckSymbolExists.c.o
/usr/bin/gcc-7    -o CMakeFiles/cmTC_535b6.dir/CheckSymbolExists.c.o   -c /home/lui/catkin_ws/src/FY109-FLP/monte_carlo_localization/build/CMakeFiles/CMakeTmp/CheckSymbolExists.c
Linking C executable cmTC_535b6
/usr/bin/cmake -E cmake_link_script CMakeFiles/cmTC_535b6.dir/link.txt --verbose=1
/usr/bin/gcc-7      -rdynamic CMakeFiles/cmTC_535b6.dir/CheckSymbolExists.c.o  -o cmTC_535b6 
CMakeFiles/cmTC_535b6.dir/CheckSymbolExists.c.o: In function `main':
CheckSymbolExists.c:(.text+0x1b): undefined reference to `pthread_create'
collect2: error: ld returned 1 exit status
CMakeFiles/cmTC_535b6.dir/build.make:97: recipe for target 'cmTC_535b6' failed
make[1]: *** [cmTC_535b6] Error 1
make[1]: Leaving directory '/home/lui/catkin_ws/src/FY109-FLP/monte_carlo_localization/build/CMakeFiles/CMakeTmp'
Makefile:126: recipe for target 'cmTC_535b6/fast' failed
make: *** [cmTC_535b6/fast] Error 2

File /home/lui/catkin_ws/src/FY109-FLP/monte_carlo_localization/build/CMakeFiles/CMakeTmp/CheckSymbolExists.c:
/* */
#include <pthread.h>

int main(int argc, char** argv)
{
  (void)argv;
#ifndef pthread_create
  return ((int*)(&pthread_create))[argc];
#else
  (void)argc;
  return 0;
#endif
}

Determining if the function pthread_create exists in the pthreads failed with the following output:
Change Dir: /home/lui/catkin_ws/src/FY109-FLP/monte_carlo_localization/build/CMakeFiles/CMakeTmp

Run Build Command:"/usr/bin/make" "cmTC_802da/fast"
/usr/bin/make -f CMakeFiles/cmTC_802da.dir/build.make CMakeFiles/cmTC_802da.dir/build
make[1]: Entering directory '/home/lui/catkin_ws/src/FY109-FLP/monte_carlo_localization/build/CMakeFiles/CMakeTmp'
Building C object CMakeFiles/cmTC_802da.dir/CheckFunctionExists.c.o
/usr/bin/gcc-7   -DCHECK_FUNCTION_EXISTS=pthread_create   -o CMakeFiles/cmTC_802da.dir/CheckFunctionExists.c.o   -c /usr/share/cmake-3.10/Modules/CheckFunctionExists.c
Linking C executable cmTC_802da
/usr/bin/cmake -E cmake_link_script CMakeFiles/cmTC_802da.dir/link.txt --verbose=1
/usr/bin/gcc-7  -DCHECK_FUNCTION_EXISTS=pthread_create    -rdynamic CMakeFiles/cmTC_802da.dir/CheckFunctionExists.c.o  -o cmTC_802da -lpthreads 
/usr/bin/ld: cannot find -lpthreads
collect2: error: ld returned 1 exit status
CMakeFiles/cmTC_802da.dir/build.make:97: recipe for target 'cmTC_802da' failed
make[1]: *** [cmTC_802da] Error 1
make[1]: Leaving directory '/home/lui/catkin_ws/src/FY109-FLP/monte_carlo_localization/build/CMakeFiles/CMakeTmp'
Makefile:126: recipe for target 'cmTC_802da/fast' failed
make: *** [cmTC_802da/fast] Error 2


